#
# There is insufficient memory for the Java Runtime Environment to continue.
# Native memory allocation (mmap) failed to map 67108864 bytes. Error detail: G1 virtual space
# Possible reasons:
#   The system is out of physical RAM or swap space
#   This process is running with CompressedOops enabled, and the Java Heap may be blocking the growth of the native heap
# Possible solutions:
#   Reduce memory load on the system
#   Increase physical memory or swap space
#   Check if swap backing store is full
#   Decrease Java heap size (-Xmx/-Xms)
#   Decrease number of Java threads
#   Decrease Java thread stack sizes (-Xss)
#   Set larger code cache with -XX:ReservedCodeCacheSize=
#   JVM is running with Unscaled Compressed Oops mode in which the Java heap is
#     placed in the first 4GB address space. The Java Heap base address is the
#     maximum limit for the native heap growth. Please use -XX:HeapBaseMinAddress
#     to set the Java Heap base and to place the Java Heap above 4GB virtual address.
# This output file may be truncated or incomplete.
#
#  Out of Memory Error (os_windows.cpp:3616), pid=9060, tid=24184
#
# JRE version:  (21.0.5+11) (build )
# Java VM: OpenJDK 64-Bit Server VM (21.0.5+11-LTS, mixed mode, sharing, tiered, compressed oops, compressed class ptrs, g1 gc, windows-amd64)
# No core dump will be written. Minidumps are not enabled by default on client versions of Windows
#

---------------  S U M M A R Y ------------

Command Line: -XX:+ShowCodeDetailsInExceptionMessages -agentlib:jdwp=transport=dt_socket,suspend=y,address=localhost:52761 -javaagent:C:\tjoeun\eclipse\configuration\org.eclipse.osgi\444\0\.cp\lib\javaagent-shaded.jar -Dfile.encoding=UTF-8 -Dstdout.encoding=UTF-8 -Dstderr.encoding=UTF-8 --module-path=C:\tjoeun\github\tjoeun\JavaBook\bin -Djdk.module.main=JavaBook JavaBook/Chapter012.Ex04_collection.set.MemberHashSetTest

Host: Intel(R) Pentium(R) CPU 4415U @ 2.30GHz, 4 cores, 3G,  Windows 10 , 64 bit Build 19041 (10.0.19041.3636)
Time: Sun Mar 23 22:06:19 2025  Windows 10 , 64 bit Build 19041 (10.0.19041.3636) elapsed time: 2.138413 seconds (0d 0h 0m 2s)

---------------  T H R E A D  ---------------

Current thread (0x0000022e65a0f340):  JavaThread "Unknown thread" [_thread_in_vm, id=24184, stack(0x0000005db0d00000,0x0000005db0e00000) (1024K)]

Stack: [0x0000005db0d00000,0x0000005db0e00000]
Native frames: (J=compiled Java code, j=interpreted, Vv=VM code, C=native code)
V  [jvm.dll+0x6cd4e9]
V  [jvm.dll+0x8a7941]
V  [jvm.dll+0x8a9e6e]
V  [jvm.dll+0x8aa543]
V  [jvm.dll+0x27f6d6]
V  [jvm.dll+0x6c9c25]
V  [jvm.dll+0x6be84a]
V  [jvm.dll+0x355c6a]
V  [jvm.dll+0x35d836]
V  [jvm.dll+0x3af40e]
V  [jvm.dll+0x3af6b8]
V  [jvm.dll+0x329dfc]
V  [jvm.dll+0x32a95b]
V  [jvm.dll+0x870ba9]
V  [jvm.dll+0x3bc1e1]
V  [jvm.dll+0x859cd3]
V  [jvm.dll+0x4504ee]
V  [jvm.dll+0x452131]
C  [jli.dll+0x5278]
C  [ucrtbase.dll+0x21bb2]
C  [KERNEL32.DLL+0x17344]
C  [ntdll.dll+0x4cc91]


---------------  P R O C E S S  ---------------

Threads class SMR info:
_java_thread_list=0x00007ffb746590c8, length=0, elements={
}

Java Threads: ( => current thread )
Total: 0

Other Threads:
  0x0000022e65c53970 WorkerThread "GC Thread#0"                     [id=11528, stack(0x0000005db0e00000,0x0000005db0f00000) (1024K)]
  0x0000022e65c5c5d0 ConcurrentGCThread "G1 Main Marker"            [id=20084, stack(0x0000005db0f00000,0x0000005db1000000) (1024K)]
  0x0000022e65c5e930 WorkerThread "G1 Conc#0"                       [id=22936, stack(0x0000005db1000000,0x0000005db1100000) (1024K)]

[error occurred during error reporting (printing all threads), id 0xc0000005, EXCEPTION_ACCESS_VIOLATION (0xc0000005) at pc=0x00007ffb73d5c727]
VM state: not at safepoint (not fully initialized)

VM Mutex/Monitor currently owned by a thread:  ([mutex/lock_event])
[0x00007ffb746cd480] Heap_lock - owner thread: 0x0000022e65a0f340

Heap address: 0x00000000c1400000, size: 1004 MB, Compressed Oops mode: 32-bit

CDS archive(s) mapped at: [0x0000000000000000-0x0000000000000000-0x0000000000000000), size 0, SharedBaseAddress: 0x0000000800000000, ArchiveRelocationMode: 1.
Narrow klass base: 0x0000000000000000, Narrow klass shift: 0, Narrow klass range: 0x0

GC Precious Log:
 CardTable entry size: 512
 Card Set container configuration: InlinePtr #cards 5 size 8 Array Of Cards #cards 12 size 40 Howl #buckets 4 coarsen threshold 1843 Howl Bitmap #cards 512 size 80 coarsen threshold 460 Card regions per heap region 1 cards per card region 2048

Heap:
 garbage-first heap   total 0K, used 0K [0x00000000c1400000, 0x0000000100000000)
  region size 1024K, 0 young (0K), 0 survivors (0K)

[error occurred during error reporting (printing heap information), id 0xc0000005, EXCEPTION_ACCESS_VIOLATION (0xc0000005) at pc=0x00007ffb74146f49]
GC Heap History (0 events):
No events

Dll operation events (1 events):
Event: 2.091 Loaded shared library C:\tjoeun\eclipse\plugins\org.eclipse.justj.openjdk.hotspot.jre.full.win32.x86_64_21.0.5.v20241023-1957\jre\bin\java.dll

Deoptimization events (0 events):
No events

Classes loaded (0 events):
No events

Classes unloaded (0 events):
No events

Classes redefined (0 events):
No events

Internal exceptions (0 events):
No events

ZGC Phase Switch (0 events):
No events

VM Operations (0 events):
No events

Memory protections (0 events):
No events

Nmethod flushes (0 events):
No events

Events (0 events):
No events


Dynamic libraries:
0x00007ff72fee0000 - 0x00007ff72feee000 	C:\tjoeun\eclipse\plugins\org.eclipse.justj.openjdk.hotspot.jre.full.win32.x86_64_21.0.5.v20241023-1957\jre\bin\javaw.exe
0x00007ffbe2630000 - 0x00007ffbe2828000 	C:\WINDOWS\SYSTEM32\ntdll.dll
0x00007ffbe1830000 - 0x00007ffbe18ed000 	C:\WINDOWS\System32\KERNEL32.DLL
0x00007ffbdff20000 - 0x00007ffbe0216000 	C:\WINDOWS\System32\KERNELBASE.dll
0x00007ffbe0380000 - 0x00007ffbe0480000 	C:\WINDOWS\System32\ucrtbase.dll
0x00007ffbd3d10000 - 0x00007ffbd3d28000 	C:\tjoeun\eclipse\plugins\org.eclipse.justj.openjdk.hotspot.jre.full.win32.x86_64_21.0.5.v20241023-1957\jre\bin\jli.dll
0x00007ffbe0e90000 - 0x00007ffbe102f000 	C:\WINDOWS\System32\USER32.dll
0x00007ffbe0270000 - 0x00007ffbe0292000 	C:\WINDOWS\System32\win32u.dll
0x00007ffbe1b20000 - 0x00007ffbe1b4b000 	C:\WINDOWS\System32\GDI32.dll
0x00007ffbdfe00000 - 0x00007ffbdff17000 	C:\WINDOWS\System32\gdi32full.dll
0x00007ffbdfcf0000 - 0x00007ffbdfd8d000 	C:\WINDOWS\System32\msvcp_win.dll
0x00007ffbd1700000 - 0x00007ffbd171e000 	C:\tjoeun\eclipse\plugins\org.eclipse.justj.openjdk.hotspot.jre.full.win32.x86_64_21.0.5.v20241023-1957\jre\bin\VCRUNTIME140.dll
0x00007ffbce340000 - 0x00007ffbce5da000 	C:\WINDOWS\WinSxS\amd64_microsoft.windows.common-controls_6595b64144ccf1df_6.0.19041.4355_none_60b8b9eb71f62e16\COMCTL32.dll
0x00007ffbe23b0000 - 0x00007ffbe244e000 	C:\WINDOWS\System32\msvcrt.dll
0x00007ffbe2450000 - 0x00007ffbe247f000 	C:\WINDOWS\System32\IMM32.DLL
0x00007ffbdad40000 - 0x00007ffbdad4c000 	C:\tjoeun\eclipse\plugins\org.eclipse.justj.openjdk.hotspot.jre.full.win32.x86_64_21.0.5.v20241023-1957\jre\bin\vcruntime140_1.dll
0x00007ffbb5e10000 - 0x00007ffbb5e9d000 	C:\tjoeun\eclipse\plugins\org.eclipse.justj.openjdk.hotspot.jre.full.win32.x86_64_21.0.5.v20241023-1957\jre\bin\msvcp140.dll
0x00007ffb73a20000 - 0x00007ffb747af000 	C:\tjoeun\eclipse\plugins\org.eclipse.justj.openjdk.hotspot.jre.full.win32.x86_64_21.0.5.v20241023-1957\jre\bin\server\jvm.dll
0x00007ffbe2540000 - 0x00007ffbe25f0000 	C:\WINDOWS\System32\ADVAPI32.dll
0x00007ffbe1960000 - 0x00007ffbe1a00000 	C:\WINDOWS\System32\sechost.dll
0x00007ffbe15a0000 - 0x00007ffbe16c3000 	C:\WINDOWS\System32\RPCRT4.dll
0x00007ffbe02a0000 - 0x00007ffbe02c7000 	C:\WINDOWS\System32\bcrypt.dll
0x00007ffbe18f0000 - 0x00007ffbe195b000 	C:\WINDOWS\System32\WS2_32.dll
0x00007ffbdf4f0000 - 0x00007ffbdf53b000 	C:\WINDOWS\SYSTEM32\POWRPROF.dll
0x00007ffbc9be0000 - 0x00007ffbc9c07000 	C:\WINDOWS\SYSTEM32\WINMM.dll
0x00007ffbd3f70000 - 0x00007ffbd3f7a000 	C:\WINDOWS\SYSTEM32\VERSION.dll
0x00007ffbdf4d0000 - 0x00007ffbdf4e2000 	C:\WINDOWS\SYSTEM32\UMPDC.dll
0x00007ffbddb70000 - 0x00007ffbddb82000 	C:\WINDOWS\SYSTEM32\kernel.appcore.dll
0x00007ffbd9d80000 - 0x00007ffbd9d8a000 	C:\tjoeun\eclipse\plugins\org.eclipse.justj.openjdk.hotspot.jre.full.win32.x86_64_21.0.5.v20241023-1957\jre\bin\jimage.dll
0x00007ffbdb1d0000 - 0x00007ffbdb3b4000 	C:\WINDOWS\SYSTEM32\DBGHELP.DLL
0x00007ffbdb150000 - 0x00007ffbdb184000 	C:\WINDOWS\SYSTEM32\dbgcore.DLL
0x00007ffbe0480000 - 0x00007ffbe0502000 	C:\WINDOWS\System32\bcryptPrimitives.dll
0x00007ffbc3bc0000 - 0x00007ffbc3bfc000 	C:\tjoeun\eclipse\plugins\org.eclipse.justj.openjdk.hotspot.jre.full.win32.x86_64_21.0.5.v20241023-1957\jre\bin\jdwp.dll
0x00007ffbdad10000 - 0x00007ffbdad1f000 	C:\tjoeun\eclipse\plugins\org.eclipse.justj.openjdk.hotspot.jre.full.win32.x86_64_21.0.5.v20241023-1957\jre\bin\instrument.dll
0x00007ffbcd500000 - 0x00007ffbcd51f000 	C:\tjoeun\eclipse\plugins\org.eclipse.justj.openjdk.hotspot.jre.full.win32.x86_64_21.0.5.v20241023-1957\jre\bin\java.dll

dbghelp: loaded successfully - version: 4.0.5 - missing functions: none
symbol engine: initialized successfully - sym options: 0x614 - pdb path: .;C:\tjoeun\eclipse\plugins\org.eclipse.justj.openjdk.hotspot.jre.full.win32.x86_64_21.0.5.v20241023-1957\jre\bin;C:\WINDOWS\SYSTEM32;C:\WINDOWS\WinSxS\amd64_microsoft.windows.common-controls_6595b64144ccf1df_6.0.19041.4355_none_60b8b9eb71f62e16;C:\tjoeun\eclipse\plugins\org.eclipse.justj.openjdk.hotspot.jre.full.win32.x86_64_21.0.5.v20241023-1957\jre\bin\server

VM Arguments:
jvm_args: -XX:+ShowCodeDetailsInExceptionMessages -agentlib:jdwp=transport=dt_socket,suspend=y,address=localhost:52761 -javaagent:C:\tjoeun\eclipse\configuration\org.eclipse.osgi\444\0\.cp\lib\javaagent-shaded.jar -Dfile.encoding=UTF-8 -Dstdout.encoding=UTF-8 -Dstderr.encoding=UTF-8 --module-path=C:\tjoeun\github\tjoeun\JavaBook\bin -Djdk.module.main=JavaBook 
java_command: JavaBook/Chapter012.Ex04_collection.set.MemberHashSetTest
java_class_path (initial): <not set>
Launcher Type: SUN_STANDARD

[Global flags]
     intx CICompilerCount                          = 3                                         {product} {ergonomic}
     uint ConcGCThreads                            = 1                                         {product} {ergonomic}
     uint G1ConcRefinementThreads                  = 4                                         {product} {ergonomic}
   size_t G1HeapRegionSize                         = 1048576                                   {product} {ergonomic}
    uintx GCDrainStackTargetSize                   = 64                                        {product} {ergonomic}
   size_t InitialHeapSize                          = 67108864                                  {product} {ergonomic}
   size_t MarkStackSize                            = 4194304                                   {product} {ergonomic}
   size_t MaxHeapSize                              = 1052770304                                {product} {ergonomic}
   size_t MinHeapDeltaBytes                        = 1048576                                   {product} {ergonomic}
   size_t MinHeapSize                              = 8388608                                   {product} {ergonomic}
    uintx NonNMethodCodeHeapSize                   = 5832780                                {pd product} {ergonomic}
    uintx NonProfiledCodeHeapSize                  = 122912730                              {pd product} {ergonomic}
    uintx ProfiledCodeHeapSize                     = 122912730                              {pd product} {ergonomic}
    uintx ReservedCodeCacheSize                    = 251658240                              {pd product} {ergonomic}
     bool SegmentedCodeCache                       = true                                      {product} {ergonomic}
     bool ShowCodeDetailsInExceptionMessages       = true                                   {manageable} {command line}
   size_t SoftMaxHeapSize                          = 1052770304                             {manageable} {ergonomic}
     bool UseCompressedOops                        = true                           {product lp64_product} {ergonomic}
     bool UseG1GC                                  = true                                      {product} {ergonomic}
     bool UseLargePagesIndividualAllocation        = false                                  {pd product} {ergonomic}

Logging:
Log output configuration:
 #0: stdout all=warning uptime,level,tags foldmultilines=false
 #1: stderr all=off uptime,level,tags foldmultilines=false

Environment Variables:
PATH=C:\tjoeun\eclipse\plugins\org.eclipse.justj.openjdk.hotspot.jre.full.win32.x86_64_21.0.5.v20241023-1957\jre\bin;C:/tjoeun/eclipse//plugins/org.eclipse.justj.openjdk.hotspot.jre.full.win32.x86_64_21.0.5.v20241023-1957/jre/bin/server;C:/tjoeun/eclipse//plugins/org.eclipse.justj.openjdk.hotspot.jre.full.win32.x86_64_21.0.5.v20241023-1957/jre/bin;C:\Program Files (x86)\Intel\iCLS Client\;C:\Program Files\Intel\iCLS Client\;C:\WINDOWS\system32;C:\WINDOWS;C:\WINDOWS\System32\Wbem;C:\WINDOWS\System32\WindowsPowerShell\v1.0\;C:\WINDOWS\System32\OpenSSH\;C:\Program Files (x86)\Intel\Intel(R) Management Engine Components\DAL;C:\Program Files\Intel\Intel(R) Management Engine Components\DAL;C:\Program Files\Git\cmd;C:\Users\sec\AppData\Local\Microsoft\WindowsApps;C:\Users\sec\AppData\Local\Programs\Microsoft VS Code\bin;C:\tjoeun\eclipse;
USERNAME=sec
TMPDIR=C:\Users\Public\Documents\ESTsoft\CreatorTemp
OS=Windows_NT
PROCESSOR_IDENTIFIER=Intel64 Family 6 Model 142 Stepping 9, GenuineIntel
TMP=C:\Users\sec\AppData\Local\Temp
TEMP=C:\Users\sec\AppData\Local\Temp




Periodic native trim disabled

---------------  S Y S T E M  ---------------

OS:
 Windows 10 , 64 bit Build 19041 (10.0.19041.3636)
OS uptime: 23 days 6:16 hours

CPU: total 4 (initial active 4) (2 cores per cpu, 2 threads per core) family 6 model 142 stepping 9 microcode 0xb4, cx8, cmov, fxsr, ht, mmx, 3dnowpref, sse, sse2, sse3, ssse3, sse4.1, sse4.2, popcnt, lzcnt, tsc, tscinvbit, aes, erms, clmul, clflush, clflushopt, rdtscp
Processor Information for processor 0
  Max Mhz: 2304, Current Mhz: 1402, Mhz Limit: 2304
Processor Information for processor 1
  Max Mhz: 2304, Current Mhz: 2304, Mhz Limit: 2304
Processor Information for processor 2
  Max Mhz: 2304, Current Mhz: 2304, Mhz Limit: 2304
Processor Information for processor 3
  Max Mhz: 2304, Current Mhz: 2304, Mhz Limit: 2304

Memory: 4k page, system-wide physical 4009M (284M free)
TotalPageFile size 16297M (AvailPageFile size 23M)
current process WorkingSet (physical memory assigned to process): 10M, peak: 10M
current process commit charge ("private bytes"): 51M, peak: 115M

vm_info: OpenJDK 64-Bit Server VM (21.0.5+11-LTS) for windows-amd64 JRE (21.0.5+11-LTS), built on 2024-10-15T00:00:00Z by "admin" with MS VC++ 17.7 (VS2022)

END.
